
> hola-spanish@0.1.0 dev
> next dev

⚠ `eslint` configuration in next.config.ts is no longer supported. See more info here: https://nextjs.org/docs/app/api-reference/cli/next#next-lint-options
⚠ Invalid next.config.ts options detected: 
⚠     Unrecognized key(s) in object: 'eslint'
⚠ See more info here: https://nextjs.org/docs/messages/invalid-next-config
▲ Next.js 16.1.4 (Turbopack)
- Local:         http://localhost:3000
- Network:       http://192.168.0.2:3000

✓ Starting...
✓ Ready in 879ms
 GET / 200 in 1653ms (compile: 1438ms, render: 215ms)
 GET /quiz/grammar 200 in 46ms (compile: 28ms, render: 18ms)
 GET /quiz/grammar/adjectives 200 in 471ms (compile: 450ms, render: 20ms)
 GET /quiz/grammar 200 in 14ms (compile: 3ms, render: 11ms)
 GET /quiz/grammar 200 in 14ms (compile: 3ms, render: 11ms)
 GET /quiz/vocab 200 in 430ms (compile: 414ms, render: 16ms)
 GET /quiz/vocab 200 in 17ms (compile: 3ms, render: 14ms)
 GET /quiz/grammar 200 in 18ms (compile: 3ms, render: 15ms)
✓ Compiled in 81ms
✓ Compiled in 71ms
 GET /quiz/grammar/comprehensive 200 in 88ms (compile: 64ms, render: 24ms)
 GET /quiz/grammar 200 in 63ms (compile: 48ms, render: 15ms)
 GET /quiz/grammar/subjunctive-basics 200 in 28ms (compile: 12ms, render: 16ms)
 GET /quiz/grammar 200 in 14ms (compile: 3ms, render: 12ms)
 GET /quiz/grammar/comprehensive 200 in 26ms (compile: 10ms, render: 17ms)
✓ Compiled in 128ms
 GET /quiz 200 in 271ms (compile: 258ms, render: 13ms)
 GET /quiz/grammar 200 in 16ms (compile: 3ms, render: 13ms)
 GET /quiz/vocab 200 in 61ms (compile: 47ms, render: 14ms)
 GET /quiz/grammar 200 in 14ms (compile: 3ms, render: 11ms)
 GET /grammar 200 in 280ms (compile: 266ms, render: 15ms)
 GET /grammar/interrogatives 200 in 458ms (compile: 440ms, render: 18ms)
✓ Compiled in 89ms
✓ Compiled in 112ms
 GET /grammar/interrogatives 200 in 64ms (compile: 3ms, render: 61ms)
 GET /quiz 200 in 81ms (compile: 65ms, render: 16ms)
 GET /quiz/grammar 200 in 65ms (compile: 50ms, render: 16ms)
 GET /quiz 200 in 13ms (compile: 2ms, render: 10ms)
 GET /quiz/comprehensive/conjugation 200 in 260ms (compile: 239ms, render: 21ms)
 GET /quiz/comprehensive/conjugation 200 in 15ms (compile: 3ms, render: 12ms)
✓ Compiled in 75ms
 GET /quiz/comprehensive/conjugation 200 in 65ms (compile: 52ms, render: 13ms)
 GET /quiz/comprehensive/correction 200 in 263ms (compile: 245ms, render: 18ms)
✓ Compiled in 99ms
 GET /quiz/comprehensive/conjugation 200 in 61ms (compile: 49ms, render: 12ms)
 GET /quiz/comprehensive/correction 200 in 18ms (compile: 3ms, render: 15ms)
 GET /quiz/comprehensive/conjugation 200 in 16ms (compile: 3ms, render: 13ms)
 GET /quiz/comprehensive/correction 200 in 15ms (compile: 2ms, render: 13ms)
 GET /quiz/comprehensive/conjugation 200 in 14ms (compile: 2ms, render: 11ms)
 GET /quiz/comprehensive/correction 200 in 16ms (compile: 2ms, render: 14ms)
✓ Compiled in 107ms
✓ Compiled in 109ms
 GET /quiz/comprehensive/grammar 200 in 258ms (compile: 235ms, render: 22ms)
 GET /quiz 200 in 12ms (compile: 3ms, render: 10ms)
 GET /quiz/comprehensive/correction 200 in 68ms (compile: 51ms, render: 18ms)
✓ Compiled in 114ms
✓ Compiled in 77ms
✓ Compiled in 112ms
 GET /quiz/comprehensive/conjugation 200 in 61ms (compile: 48ms, render: 14ms)
 GET /quiz/comprehensive/grammar 200 in 64ms (compile: 47ms, render: 17ms)
✓ Compiled in 101ms
✓ Compiled in 96ms
✓ Compiled in 73ms
 GET /quiz/comprehensive/grammar 200 in 64ms (compile: 50ms, render: 14ms)
 GET /quiz/comprehensive/conjugation 200 in 61ms (compile: 47ms, render: 14ms)
 GET /quiz/comprehensive/grammar 200 in 15ms (compile: 3ms, render: 12ms)
 GET /quiz/comprehensive/conjugation 200 in 13ms (compile: 2ms, render: 11ms)
✓ Compiled in 114ms
✓ Compiled in 102ms
✓ Compiled in 90ms
 GET /quiz/comprehensive/grammar 200 in 62ms (compile: 49ms, render: 13ms)
 GET /quiz/comprehensive/conjugation 200 in 62ms (compile: 49ms, render: 13ms)
 GET /quiz/comprehensive/grammar 200 in 14ms (compile: 3ms, render: 12ms)
^C^C